[Wed Nov 10 22:17:27.218 2010] 0.042 sec [all/2/rel 1 (0,20)] [book_core] Primeiro
[Wed Nov 10 22:17:32.888 2010] 0.000 sec [all/2/rel 0 (0,20)] [book_core] kçjb
[Wed Nov 10 22:17:38.472 2010] 0.000 sec [scan/2/rel 2 (0,20)] [book_core]
[Wed Nov 10 22:17:44.752 2010] 0.000 sec [all/2/rel 0 (0,20)] [book_core] skjnv
[Wed Nov 10 22:17:47.054 2010] 0.000 sec [scan/2/rel 2 (0,20)] [book_core]
[Wed Nov 10 22:17:51.431 2010] 0.000 sec [all/2/rel 1 (0,20)] [book_core] skjnvksjfn
[Wed Nov 10 22:17:57.798 2010] 0.000 sec [all/2/rel 1 (0,20)] [book_core] skjnvksjfn ksd
[Wed Nov 10 22:21:28.401 2010] 0.000 sec [scan/2/rel 0 (0,20)] [book_core]
[Wed Nov 10 22:21:30.264 2010] 0.000 sec [scan/2/rel 2 (0,20)] [book_core]
[Wed Nov 10 22:21:37.286 2010] 0.000 sec [scan/2/rel 0 (0,20)] [book_core]
[Wed Nov 10 22:21:47.001 2010] 0.000 sec [scan/2/rel 0 (0,20)] [book_core]
[Wed Nov 10 22:21:48.902 2010] 0.000 sec [scan/2/rel 2 (0,20)] [book_core]
[Wed Nov 10 22:21:53.753 2010] 0.000 sec [scan/2/rel 2 (0,20)] [book_core]
[Wed Nov 10 22:22:01.871 2010] 0.000 sec [scan/2/rel 4 (0,20)] [book_core]
[Wed Nov 10 22:22:07.673 2010] 0.000 sec [all/2/rel 2 (0,20)] [book_core] Kropotkin
[Wed Nov 10 22:22:20.123 2010] 0.000 sec [all/2/rel 2 (0,20)] [book_core] Kropotkin
[Wed Nov 10 22:22:27.756 2010] 0.000 sec [all/2/rel 2 (0,20)] [book_core] Kropotkin
[Wed Nov 10 22:25:35.576 2010] 0.000 sec [scan/2/rel 4 (0,20)] [book_core,book_delta]
[Wed Nov 10 22:25:44.778 2010] 0.000 sec [scan/2/rel 0 (0,20)] [book_core]
[Wed Nov 10 22:25:44.782 2010] 0.000 sec [scan/2/rel 0 (0,20)] [book_delta]
[Wed Nov 10 22:25:44.915 2010] 0.000 sec [scan/2/rel 0 (0,20)] [book_core]
[Wed Nov 10 22:25:46.747 2010] 0.000 sec [scan/2/rel 5 (0,20)] [book_core,book_delta]
[Wed Nov 10 23:02:43.696 2010] 0.000 sec [scan/2/rel 5 (0,20)] [book_core,book_delta]
[Wed Nov 10 23:04:26.138 2010] 0.000 sec [scan/2/rel 5 (0,20)] [book_core,book_delta]
[Thu Nov 11 10:58:27.080 2010] 0.027 sec [scan/2/rel 5 (0,20)] [book_core,book_delta]
[Thu Nov 11 10:58:33.611 2010] 0.027 sec [all/2/rel 2 (0,20)] [book_core,book_delta] Kropotkin
[Thu Nov 11 11:12:16.196 2010] 0.000 sec [scan/2/rel 5 (0,20)] [book_core,book_delta]
[Thu Nov 11 14:44:41.559 2010] 0.000 sec [scan/2/rel 0 (0,20)] [book_core]
[Thu Nov 11 14:44:41.562 2010] 0.000 sec [scan/2/rel 0 (0,20)] [book_delta]
[Thu Nov 11 14:44:41.972 2010] 0.000 sec [scan/2/rel 0 (0,20)] [book_core]
[Thu Nov 11 14:49:04.894 2010] 0.000 sec [scan/2/rel 6 (0,20)] [book_core,book_delta]
[Thu Nov 11 14:49:20.914 2010] 0.000 sec [scan/2/rel 0 (0,20)] [book_core]
[Thu Nov 11 14:49:20.917 2010] 0.000 sec [scan/2/rel 0 (0,20)] [book_delta]
[Thu Nov 11 14:49:21.050 2010] 0.000 sec [scan/2/rel 0 (0,20)] [book_core]
[Thu Nov 11 14:51:34.242 2010] 0.000 sec [scan/2/rel 0 (0,20)] [book_core]
[Thu Nov 11 14:51:34.250 2010] 0.000 sec [scan/2/rel 1 (0,20)] [book_delta]
[Thu Nov 11 14:51:34.275 2010] 0.000 sec [scan/2/rel 0 (0,20)] [book_core]
[Thu Nov 11 14:51:34.279 2010] 0.000 sec [scan/2/rel 0 (0,20)] [book_delta]
[Thu Nov 11 14:51:34.420 2010] 0.000 sec [scan/2/rel 0 (0,20)] [book_core]
[Thu Nov 11 14:51:34.467 2010] 0.000 sec [scan/2/rel 6 (0,20)] [book_core,book_delta]
[Thu Nov 11 14:51:51.139 2010] 0.000 sec [scan/2/rel 0 (0,20)] [book_core]
[Thu Nov 11 14:51:51.143 2010] 0.000 sec [scan/2/rel 1 (0,20)] [book_delta]
[Thu Nov 11 14:51:51.164 2010] 0.000 sec [scan/2/rel 0 (0,20)] [book_core]
[Thu Nov 11 14:51:51.167 2010] 0.000 sec [scan/2/rel 0 (0,20)] [book_delta]
[Thu Nov 11 14:51:51.288 2010] 0.000 sec [scan/2/rel 0 (0,20)] [book_core]
[Thu Nov 11 14:51:51.340 2010] 0.000 sec [scan/2/rel 5 (0,20)] [book_core,book_delta]
[Thu Nov 11 14:52:02.800 2010] 0.000 sec [scan/2/rel 0 (0,20)] [book_core]
[Thu Nov 11 14:52:02.803 2010] 0.000 sec [scan/2/rel 0 (0,20)] [book_delta]
[Thu Nov 11 14:52:02.936 2010] 0.000 sec [scan/2/rel 0 (0,20)] [book_core]
[Thu Nov 11 14:53:02.601 2010] 0.000 sec [scan/2/rel 0 (0,20)] [book_core]
[Thu Nov 11 14:53:02.610 2010] 0.000 sec [scan/2/rel 1 (0,20)] [book_delta]
[Thu Nov 11 14:53:02.627 2010] 0.000 sec [scan/2/rel 0 (0,20)] [book_core]
[Thu Nov 11 14:53:02.630 2010] 0.000 sec [scan/2/rel 0 (0,20)] [book_delta]
[Thu Nov 11 14:53:02.752 2010] 0.000 sec [scan/2/rel 0 (0,20)] [book_core]
[Thu Nov 11 14:53:02.805 2010] 0.000 sec [scan/2/rel 5 (0,20)] [book_core,book_delta]
[Thu Nov 11 14:53:12.777 2010] 0.000 sec [scan/2/rel 0 (0,20)] [book_core]
[Thu Nov 11 14:53:12.782 2010] 0.000 sec [scan/2/rel 0 (0,20)] [book_delta]
[Thu Nov 11 14:53:12.915 2010] 0.000 sec [scan/2/rel 0 (0,20)] [book_core]
[Thu Nov 11 14:56:25.247 2010] 0.000 sec [scan/2/rel 0 (0,20)] [book_core]
[Thu Nov 11 14:56:25.251 2010] 0.000 sec [scan/2/rel 1 (0,20)] [book_delta]
[Thu Nov 11 14:56:25.288 2010] 0.000 sec [scan/2/rel 0 (0,20)] [book_core]
[Thu Nov 11 14:56:25.291 2010] 0.000 sec [scan/2/rel 0 (0,20)] [book_delta]
[Thu Nov 11 14:56:25.417 2010] 0.000 sec [scan/2/rel 0 (0,20)] [book_core]
[Thu Nov 11 14:56:25.464 2010] 0.000 sec [scan/2/rel 5 (0,20)] [book_core,book_delta]
[Thu Nov 11 14:56:34.637 2010] 0.000 sec [scan/2/rel 0 (0,20)] [book_core]
[Thu Nov 11 14:56:34.640 2010] 0.000 sec [scan/2/rel 0 (0,20)] [book_delta]
[Thu Nov 11 14:56:34.760 2010] 0.000 sec [scan/2/rel 0 (0,20)] [book_core]
[Thu Nov 11 14:57:43.159 2010] 0.000 sec [scan/2/rel 0 (0,20)] [book_core]
[Thu Nov 11 14:57:43.166 2010] 0.000 sec [scan/2/rel 1 (0,20)] [book_delta]
[Thu Nov 11 14:57:43.187 2010] 0.000 sec [scan/2/rel 0 (0,20)] [book_core]
[Thu Nov 11 14:57:43.190 2010] 0.000 sec [scan/2/rel 0 (0,20)] [book_delta]
[Thu Nov 11 14:57:43.314 2010] 0.000 sec [scan/2/rel 0 (0,20)] [book_core]
[Thu Nov 11 14:57:43.364 2010] 0.000 sec [scan/2/rel 5 (0,20)] [book_core,book_delta]
[Thu Nov 11 14:58:04.294 2010] 0.000 sec [scan/2/rel 0 (0,20)] [book_core]
[Thu Nov 11 14:58:04.299 2010] 0.000 sec [scan/2/rel 0 (0,20)] [book_delta]
[Thu Nov 11 14:58:04.432 2010] 0.000 sec [scan/2/rel 0 (0,20)] [book_core]
[Thu Nov 11 14:58:34.888 2010] 0.000 sec [scan/2/rel 0 (0,20)] [book_core]
[Thu Nov 11 14:58:34.893 2010] 0.000 sec [scan/2/rel 1 (0,20)] [book_delta]
[Thu Nov 11 14:58:34.920 2010] 0.000 sec [scan/2/rel 0 (0,20)] [book_core]
[Thu Nov 11 14:58:34.924 2010] 0.000 sec [scan/2/rel 0 (0,20)] [book_delta]
[Thu Nov 11 14:58:35.052 2010] 0.000 sec [scan/2/rel 0 (0,20)] [book_core]
[Thu Nov 11 14:58:35.163 2010] 0.000 sec [scan/2/rel 5 (0,20)] [book_core,book_delta]
[Thu Nov 11 14:58:44.271 2010] 0.000 sec [scan/2/rel 0 (0,20)] [book_core]
[Thu Nov 11 14:58:44.275 2010] 0.000 sec [scan/2/rel 0 (0,20)] [book_delta]
[Thu Nov 11 14:58:44.405 2010] 0.000 sec [scan/2/rel 0 (0,20)] [book_core]
[Thu Nov 11 15:00:09.322 2010] 0.000 sec [scan/2/rel 0 (0,20)] [book_core]
[Thu Nov 11 15:00:09.324 2010] 0.000 sec [scan/2/rel 0 (0,20)] [book_delta]
[Thu Nov 11 15:00:09.443 2010] 0.000 sec [scan/2/rel 0 (0,20)] [book_core]
[Thu Nov 11 15:00:18.888 2010] 0.000 sec [scan/2/rel 0 (0,20)] [book_core]
[Thu Nov 11 15:00:18.894 2010] 0.000 sec [scan/2/rel 1 (0,20)] [book_delta]
[Thu Nov 11 15:00:18.925 2010] 0.000 sec [scan/2/rel 0 (0,20)] [book_core]
[Thu Nov 11 15:00:18.928 2010] 0.000 sec [scan/2/rel 0 (0,20)] [book_delta]
[Thu Nov 11 15:00:19.054 2010] 0.000 sec [scan/2/rel 0 (0,20)] [book_core]
[Thu Nov 11 15:00:19.102 2010] 0.000 sec [scan/2/rel 6 (0,20)] [book_core,book_delta]
[Thu Nov 11 15:19:36.504 2010] 0.000 sec [scan/2/rel 0 (0,20)] [book_core]
[Thu Nov 11 15:19:36.507 2010] 0.000 sec [scan/2/rel 0 (0,20)] [book_delta]
[Thu Nov 11 15:19:36.643 2010] 0.000 sec [scan/2/rel 0 (0,20)] [book_core]
[Thu Nov 11 15:44:00.955 2010] 0.000 sec [scan/2/rel 0 (0,20)] [book_core]
[Thu Nov 11 15:44:00.958 2010] 0.000 sec [scan/2/rel 1 (0,20)] [book_delta]
[Thu Nov 11 15:44:01.083 2010] 0.000 sec [scan/2/rel 0 (0,20)] [book_core]
[Thu Nov 11 15:44:46.190 2010] 0.000 sec [scan/2/rel 6 (0,20)] [book_core,book_delta]
[Thu Nov 11 15:47:11.102 2010] 0.000 sec [scan/2/rel 6 (0,20)] [book_core,book_delta]
[Thu Nov 11 15:47:27.495 2010] 0.000 sec [scan/2/rel 0 (0,20)] [book_core]
[Thu Nov 11 15:47:27.501 2010] 0.000 sec [scan/2/rel 1 (0,20)] [book_delta]
[Thu Nov 11 15:47:27.628 2010] 0.000 sec [scan/2/rel 0 (0,20)] [book_core]
[Thu Nov 11 15:49:24.425 2010] 0.000 sec [scan/2/rel 6 (0,20)] [book_core,book_delta]
[Thu Nov 11 15:49:36.839 2010] 0.000 sec [scan/2/rel 1 (0,20)] [book_core]
[Thu Nov 11 15:49:36.844 2010] 0.000 sec [scan/2/rel 1 (0,20)] [book_delta]
[Thu Nov 11 15:49:36.971 2010] 0.000 sec [scan/2/rel 1 (0,20)] [book_core]
[Thu Nov 11 15:51:23.301 2010] 0.000 sec [scan/2/rel 0 (0,20)] [book_core]
[Thu Nov 11 15:51:23.304 2010] 0.000 sec [scan/2/rel 1 (0,20)] [book_delta]
[Thu Nov 11 15:51:23.429 2010] 0.000 sec [scan/2/rel 0 (0,20)] [book_core]
[Thu Nov 11 15:51:31.685 2010] 0.000 sec [scan/2/rel 0 (0,20)] [book_core]
[Thu Nov 11 15:51:31.688 2010] 0.000 sec [scan/2/rel 1 (0,20)] [book_delta]
[Thu Nov 11 15:51:31.812 2010] 0.000 sec [scan/2/rel 0 (0,20)] [book_core]
[Thu Nov 11 15:51:50.316 2010] 0.000 sec [scan/2/rel 0 (0,20)] [book_core]
[Thu Nov 11 15:51:50.319 2010] 0.000 sec [scan/2/rel 1 (0,20)] [book_delta]
[Thu Nov 11 15:51:50.453 2010] 0.000 sec [scan/2/rel 0 (0,20)] [book_core]
[Thu Nov 11 15:52:36.649 2010] 0.000 sec [scan/2/rel 0 (0,20)] [book_core]
[Thu Nov 11 15:52:36.652 2010] 0.000 sec [scan/2/rel 1 (0,20)] [book_delta]
[Thu Nov 11 15:52:36.775 2010] 0.000 sec [scan/2/rel 0 (0,20)] [book_core]
[Thu Nov 11 15:59:11.153 2010] 0.000 sec [scan/2/rel 6 (0,20)] [book_core,book_delta]
[Thu Nov 11 15:59:19.887 2010] 0.000 sec [scan/2/rel 6 (0,20)] [book_core,book_delta]
[Thu Nov 11 16:10:08.285 2010] 0.000 sec [scan/2/rel 6 (0,20)] [book_core,book_delta]
[Thu Nov 11 16:14:16.186 2010] 0.000 sec [scan/2/rel 0 (0,20)] [book_core]
[Thu Nov 11 16:14:16.189 2010] 0.000 sec [scan/2/rel 1 (0,20)] [book_delta]
[Thu Nov 11 16:14:16.314 2010] 0.000 sec [scan/2/rel 0 (0,20)] [book_core]
[Thu Nov 11 16:16:45.390 2010] 0.000 sec [scan/2/rel 0 (0,20)] [book_core]
[Thu Nov 11 16:16:45.394 2010] 0.000 sec [scan/2/rel 1 (0,20)] [book_delta]
[Thu Nov 11 16:16:45.517 2010] 0.000 sec [scan/2/rel 0 (0,20)] [book_core]
[Thu Nov 11 16:17:07.352 2010] 0.000 sec [scan/2/rel 0 (0,20)] [book_core]
[Thu Nov 11 16:17:07.357 2010] 0.000 sec [scan/2/rel 1 (0,20)] [book_delta]
[Thu Nov 11 16:17:07.486 2010] 0.000 sec [scan/2/rel 0 (0,20)] [book_core]
[Thu Nov 11 16:17:47.559 2010] 0.000 sec [scan/2/rel 0 (0,20)] [book_core]
[Thu Nov 11 16:17:47.564 2010] 0.000 sec [scan/2/rel 1 (0,20)] [book_delta]
[Thu Nov 11 16:17:47.693 2010] 0.000 sec [scan/2/rel 0 (0,20)] [book_core]
[Thu Nov 11 16:26:32.246 2010] 0.043 sec [scan/2/rel 6 (0,20)] [book_core,book_delta]
[Thu Nov 11 16:26:43.820 2010] 0.120 sec [all/2/rel 2 (0,20)] [book_core,book_delta] Kropotkin
[Thu Nov 11 16:26:49.840 2010] 0.000 sec [scan/2/rel 6 (0,20)] [book_core,book_delta]
[Thu Nov 11 16:27:04.230 2010] 0.000 sec [scan/2/rel 0 (0,20)] [book_core]
[Thu Nov 11 16:27:04.233 2010] 0.000 sec [scan/2/rel 1 (0,20)] [book_delta]
[Thu Nov 11 16:27:05.402 2010] 0.000 sec [scan/2/rel 0 (0,20)] [book_core]
[Thu Nov 11 16:27:11.880 2010] 0.000 sec [scan/2/rel 6 (0,20)] [book_core,book_delta]
[Thu Nov 11 16:27:16.580 2010] 0.000 sec [all/2/rel 2 (0,20)] [book_core,book_delta] Kropotkin
[Thu Nov 11 16:28:50.355 2010] 0.000 sec [all/2/rel 2 (0,20)] [book_core,book_delta] Kropotkin
[Thu Nov 11 16:28:51.263 2010] 0.000 sec [all/2/rel 2 (0,20)] [book_core,book_delta] Kropotkin
[Thu Nov 11 16:28:52.025 2010] 0.000 sec [all/2/rel 2 (0,20)] [book_core,book_delta] Kropotkin
[Thu Nov 11 16:29:42.342 2010] 0.000 sec [all/2/rel 3 (0,20)] [book_core,book_delta] Kropotkin
[Thu Nov 11 16:34:45.786 2010] 0.000 sec [scan/2/rel 1 (0,20)] [book_core]
[Thu Nov 11 16:34:45.791 2010] 0.000 sec [scan/2/rel 0 (0,20)] [book_delta]
[Thu Nov 11 16:34:45.926 2010] 0.000 sec [scan/2/rel 1 (0,20)] [book_core]
[Thu Nov 11 16:34:54.441 2010] 0.000 sec [scan/2/rel 0 (0,20)] [book_core]
[Thu Nov 11 16:34:54.444 2010] 0.000 sec [scan/2/rel 1 (0,20)] [book_delta]
[Thu Nov 11 16:34:54.571 2010] 0.000 sec [scan/2/rel 0 (0,20)] [book_core]
[Thu Nov 11 16:35:01.390 2010] 0.000 sec [scan/2/rel 7 (0,5)] [book_core,book_delta]
[Thu Nov 11 16:35:05.844 2010] 0.000 sec [all/2/rel 3 (0,5)] [book_core,book_delta] Kropotkin
[Thu Nov 11 16:38:21.349 2010] 0.000 sec [scan/2/rel 7 (0,5)] [book_core,book_delta]
[Thu Nov 11 16:38:36.568 2010] 0.000 sec [scan/2/rel 0 (0,20)] [book_core]
[Thu Nov 11 16:38:36.571 2010] 0.000 sec [scan/2/rel 0 (0,20)] [book_delta]
[Thu Nov 11 16:38:36.805 2010] 0.000 sec [scan/2/rel 0 (0,20)] [book_core]
[Thu Nov 11 16:38:39.047 2010] 0.000 sec [scan/2/rel 8 (0,5)] [book_core,book_delta]
[Thu Nov 11 16:40:30.727 2010] 0.000 sec [scan/2/rel 8 (0,5)] [book_core,book_delta]
[Thu Nov 11 16:40:51.085 2010] 0.000 sec [scan/2/rel 8 (0,5)] [book_core,book_delta]
[Thu Nov 11 16:40:54.755 2010] 0.000 sec [scan/2/rel 8 (0,5)] [book_core,book_delta]
[Thu Nov 11 16:40:55.456 2010] 0.000 sec [scan/2/rel 8 (0,5)] [book_core,book_delta]
[Thu Nov 11 16:41:05.954 2010] 0.000 sec [scan/2/rel 8 (0,5)] [book_core,book_delta]
[Thu Nov 11 16:41:08.019 2010] 0.000 sec [scan/2/rel 8 (5,5)] [book_core,book_delta]
[Thu Nov 11 16:41:09.271 2010] 0.000 sec [scan/2/rel 8 (0,5)] [book_core,book_delta]
[Thu Nov 11 16:41:10.242 2010] 0.000 sec [scan/2/rel 8 (5,5)] [book_core,book_delta]
[Thu Nov 11 16:41:11.257 2010] 0.000 sec [scan/2/rel 8 (0,5)] [book_core,book_delta]
[Thu Nov 11 16:41:57.182 2010] 0.000 sec [scan/2/rel 8 (0,5)] [book_core,book_delta]
[Thu Nov 11 16:42:00.110 2010] 0.000 sec [scan/2/rel 8 (5,5)] [book_core,book_delta]
[Thu Nov 11 16:42:01.135 2010] 0.000 sec [scan/2/rel 8 (0,5)] [book_core,book_delta]
[Thu Nov 11 16:42:02.260 2010] 0.000 sec [scan/2/rel 8 (5,5)] [book_core,book_delta]
[Thu Nov 11 16:42:14.995 2010] 0.000 sec [scan/2/rel 1 (0,20)] [book_core]
[Thu Nov 11 16:42:15.022 2010] 0.000 sec [scan/2/rel 0 (0,20)] [book_core]
[Thu Nov 11 16:42:15.026 2010] 0.000 sec [scan/2/rel 0 (0,20)] [book_delta]
[Thu Nov 11 16:42:15.078 2010] 0.000 sec [scan/2/rel 7 (0,5)] [book_core,book_delta]
[Thu Nov 11 16:42:43.292 2010] 0.000 sec [scan/2/rel 7 (0,20)] [book_core,book_delta]
[Thu Nov 11 17:00:12.112 2010] 0.000 sec [scan/2/rel 0 (0,20)] [book_core]
[Thu Nov 11 17:00:12.116 2010] 0.000 sec [scan/2/rel 0 (0,20)] [book_delta]
[Thu Nov 11 17:00:12.289 2010] 0.000 sec [scan/2/rel 0 (0,20)] [book_core]
[Thu Nov 11 17:01:09.081 2010] 0.000 sec [scan/2/rel 0 (0,20)] [book_core]
[Thu Nov 11 17:01:09.087 2010] 0.000 sec [scan/2/rel 1 (0,20)] [book_delta]
[Thu Nov 11 17:01:09.117 2010] 0.000 sec [scan/2/rel 0 (0,20)] [book_core]
[Thu Nov 11 17:01:09.120 2010] 0.000 sec [scan/2/rel 0 (0,20)] [book_delta]
[Thu Nov 11 17:01:09.250 2010] 0.000 sec [scan/2/rel 0 (0,20)] [book_core]
[Thu Nov 11 17:01:09.315 2010] 0.000 sec [scan/2/rel 7 (0,20)] [book_core,book_delta]
[Thu Nov 11 17:02:17.197 2010] 0.000 sec [scan/2/rel 0 (0,20)] [book_core]
[Thu Nov 11 17:02:17.200 2010] 0.000 sec [scan/2/rel 0 (0,20)] [book_delta]
[Thu Nov 11 17:02:17.333 2010] 0.000 sec [scan/2/rel 0 (0,20)] [book_core]
[Thu Nov 11 17:18:33.534 2010] 0.000 sec [scan/2/rel 8 (0,20)] [book_core,book_delta]
[Thu Nov 11 17:25:29.267 2010] 0.000 sec [scan/2/rel 8 (0,20)] [book_core,book_delta]
[Thu Nov 11 17:38:24.330 2010] 0.000 sec [scan/2/rel 8 (0,20)] [book_core,book_delta]
[Thu Nov 11 17:40:29.953 2010] 0.000 sec [scan/2/rel 0 (0,20)] [book_core]
[Thu Nov 11 17:40:29.957 2010] 0.000 sec [scan/2/rel 0 (0,20)] [book_delta]
[Thu Nov 11 17:40:30.087 2010] 0.000 sec [scan/2/rel 0 (0,20)] [book_core]
[Thu Nov 11 17:41:01.996 2010] 0.000 sec [scan/2/rel 0 (0,20)] [book_core]
[Thu Nov 11 17:41:02.000 2010] 0.000 sec [scan/2/rel 1 (0,20)] [book_delta]
[Thu Nov 11 17:41:02.026 2010] 0.000 sec [scan/2/rel 0 (0,20)] [book_core]
[Thu Nov 11 17:41:02.029 2010] 0.000 sec [scan/2/rel 0 (0,20)] [book_delta]
[Thu Nov 11 17:41:02.155 2010] 0.000 sec [scan/2/rel 0 (0,20)] [book_core]
[Thu Nov 11 17:41:02.224 2010] 0.000 sec [scan/2/rel 8 (0,20)] [book_core,book_delta]
[Thu Nov 11 17:42:29.799 2010] 0.000 sec [scan/2/rel 0 (0,20)] [book_core]
[Thu Nov 11 17:42:29.803 2010] 0.000 sec [scan/2/rel 0 (0,20)] [book_delta]
[Thu Nov 11 17:42:29.930 2010] 0.000 sec [scan/2/rel 0 (0,20)] [book_core]
[Thu Nov 11 17:52:07.049 2010] 0.000 sec [scan/2/rel 9 (0,20)] [book_core,book_delta]
[Thu Nov 11 17:53:28.537 2010] 0.000 sec [scan/2/rel 9 (0,20)] [book_core,book_delta]
[Thu Nov 11 18:18:33.867 2010] 0.000 sec [scan/2/rel 9 (0,20)] [book_core,book_delta]
[Thu Nov 11 18:25:23.257 2010] 0.000 sec [scan/2/rel 9 (0,20)] [book_core,book_delta]
[Thu Nov 11 18:30:12.128 2010] 0.000 sec [scan/2/rel 9 (0,20)] [book_core,book_delta]
[Thu Nov 11 18:36:13.066 2010] 0.000 sec [scan/2/rel 9 (0,20)] [book_core,book_delta]
[Thu Nov 11 18:37:22.145 2010] 0.000 sec [scan/2/rel 9 (0,20)] [book_core,book_delta]
[Thu Nov 11 18:38:24.193 2010] 0.000 sec [scan/2/rel 9 (0,20)] [book_core,book_delta]
[Thu Nov 11 18:38:45.267 2010] 0.000 sec [scan/2/rel 9 (0,20)] [book_core,book_delta]
[Thu Nov 11 18:38:46.882 2010] 0.000 sec [scan/2/rel 9 (0,20)] [book_core,book_delta]
[Thu Nov 11 18:38:47.547 2010] 0.000 sec [scan/2/rel 9 (0,20)] [book_core,book_delta]
[Thu Nov 11 18:39:34.000 2010] 0.000 sec [scan/2/rel 9 (0,20)] [book_core,book_delta]
[Thu Nov 11 18:39:48.939 2010] 0.000 sec [scan/2/rel 9 (0,20)] [book_core,book_delta]
[Thu Nov 11 18:41:03.367 2010] 0.000 sec [scan/2/rel 9 (0,20)] [book_core,book_delta]
[Thu Nov 11 18:41:09.122 2010] 0.000 sec [scan/2/rel 9 (0,20)] [book_core,book_delta]
[Thu Nov 11 18:59:18.855 2010] 0.000 sec [scan/2/rel 9 (0,20)] [book_core,book_delta]
[Thu Nov 11 18:59:30.990 2010] 0.000 sec [scan/2/rel 9 (0,20)] [book_core,book_delta]
[Thu Nov 11 19:02:01.888 2010] 0.000 sec [scan/2/rel 9 (0,20)] [book_core,book_delta]
[Thu Nov 11 19:02:33.397 2010] 0.000 sec [scan/2/rel 9 (0,20)] [book_core,book_delta]
[Thu Nov 11 19:03:00.578 2010] 0.000 sec [scan/2/rel 9 (0,20)] [book_core,book_delta]
[Thu Nov 11 19:03:53.175 2010] 0.000 sec [scan/2/rel 9 (0,20)] [book_core,book_delta]
[Thu Nov 11 19:04:03.811 2010] 0.000 sec [scan/2/rel 9 (0,20)] [book_core,book_delta]
[Thu Nov 11 19:05:02.103 2010] 0.000 sec [scan/2/rel 9 (0,12)] [book_core,book_delta]
[Thu Nov 11 19:05:19.345 2010] 0.000 sec [scan/2/rel 9 (0,12)] [book_core,book_delta]
[Thu Nov 11 19:06:38.697 2010] 0.000 sec [scan/2/rel 9 (0,12)] [book_core,book_delta]
[Thu Nov 11 19:08:25.268 2010] 0.000 sec [scan/2/rel 9 (0,12)] [book_core,book_delta]
[Thu Nov 11 19:09:30.926 2010] 0.000 sec [scan/2/rel 9 (0,12)] [book_core,book_delta]
[Thu Nov 11 19:09:40.067 2010] 0.000 sec [scan/2/rel 9 (0,12)] [book_core,book_delta]
[Thu Nov 11 19:09:51.067 2010] 0.000 sec [scan/2/rel 9 (0,12)] [book_core,book_delta]
[Thu Nov 11 19:11:21.074 2010] 0.000 sec [scan/2/rel 9 (0,12)] [book_core,book_delta]
[Thu Nov 11 19:11:31.338 2010] 0.000 sec [scan/2/rel 9 (0,12)] [book_core,book_delta]
[Thu Nov 11 19:12:07.580 2010] 0.000 sec [scan/2/rel 9 (0,12)] [book_core,book_delta]
[Thu Nov 11 19:12:51.019 2010] 0.000 sec [scan/2/rel 9 (0,12)] [book_core,book_delta]
[Thu Nov 11 20:23:23.497 2010] 0.000 sec [scan/2/rel 9 (0,12)] [book_core,book_delta]
[Thu Nov 11 20:23:25.578 2010] 0.000 sec [scan/2/rel 9 (0,12)] [book_core,book_delta]
[Thu Nov 11 20:31:45.724 2010] 0.000 sec [all/2/rel 0 (0,12)] [book_core,book_delta] pri
[Thu Nov 11 20:31:49.162 2010] 0.015 sec [all/2/rel 1 (0,12)] [book_core,book_delta] primeiro
[Thu Nov 11 20:31:58.710 2010] 0.000 sec [all/2/rel 0 (0,12)] [book_core,book_delta] kropo]
[Thu Nov 11 20:32:04.767 2010] 0.012 sec [all/2/rel 4 (0,12)] [book_core,book_delta] Kropotkin
[Thu Nov 11 20:32:28.597 2010] 0.000 sec [scan/2/rel 9 (0,12)] [book_core,book_delta]
[Thu Nov 11 20:36:59.073 2010] 0.000 sec [scan/2/rel 9 (0,12)] [book_core,book_delta]
[Thu Nov 11 20:37:24.378 2010] 0.000 sec [scan/2/rel 9 (0,12)] [book_core,book_delta]
[Thu Nov 11 20:37:26.053 2010] 0.000 sec [scan/2/rel 9 (0,12)] [book_core,book_delta]
[Thu Nov 11 20:48:33.698 2010] 0.000 sec [scan/2/rel 9 (0,12)] [book_core,book_delta]
[Thu Nov 11 20:55:20.370 2010] 0.000 sec [scan/2/rel 9 (0,12)] [book_core,book_delta]
[Thu Nov 11 20:55:28.625 2010] 0.000 sec [all/2/rel 4 (0,12)] [book_core,book_delta] Kropotkin
[Thu Nov 11 23:07:55.037 2010] 0.000 sec [scan/2/rel 9 (0,12)] [book_core,book_delta]
[Thu Nov 11 23:08:27.999 2010] 0.089 sec [all/2/rel 4 (0,12)] [book_core,book_delta] Kropotkin
